0 info it worked if it ends with ok
1 verbose cli [ '/usr/bin/nodejs',
1 verbose cli   '/usr/bin/npm',
1 verbose cli   'install',
1 verbose cli   '-g',
1 verbose cli   'typescript' ]
2 info using npm@3.8.9
3 info using node@v6.2.0
4 silly loadCurrentTree Starting
5 silly install loadCurrentTree
6 silly install readGlobalPackageData
7 silly fetchPackageMetaData typescript
8 silly fetchNamedPackageData typescript
9 silly mapToRegistry name typescript
10 silly mapToRegistry using default registry
11 silly mapToRegistry registry https://registry.npmjs.org/
12 silly mapToRegistry data Result {
12 silly mapToRegistry   raw: 'typescript',
12 silly mapToRegistry   scope: null,
12 silly mapToRegistry   name: 'typescript',
12 silly mapToRegistry   rawSpec: '',
12 silly mapToRegistry   spec: 'latest',
12 silly mapToRegistry   type: 'tag' }
13 silly mapToRegistry uri https://registry.npmjs.org/typescript
14 verbose request uri https://registry.npmjs.org/typescript
15 verbose request no auth needed
16 info attempt registry request try #1 at 1:27:41 AM
17 verbose request id 34d59a8c537d94bc
18 http request GET https://registry.npmjs.org/typescript
19 http 200 https://registry.npmjs.org/typescript
20 verbose headers { server: 'CouchDB/1.5.0 (Erlang OTP/R16B03)',
20 verbose headers   etag: '"6RCTBYSQZ7DY7DUMZC9YULUEV"',
20 verbose headers   'content-type': 'application/json',
20 verbose headers   'content-encoding': 'gzip',
20 verbose headers   'cache-control': 'max-age=300',
20 verbose headers   'content-length': '67930',
20 verbose headers   'accept-ranges': 'bytes',
20 verbose headers   date: 'Thu, 15 Sep 2016 13:27:42 GMT',
20 verbose headers   via: '1.1 varnish',
20 verbose headers   age: '0',
20 verbose headers   connection: 'keep-alive',
20 verbose headers   'x-served-by': 'cache-wlg7321-WLG',
20 verbose headers   'x-cache': 'MISS',
20 verbose headers   'x-cache-hits': '0',
20 verbose headers   'x-timer': 'S1473946061.261413,VS0,VE1412',
20 verbose headers   vary: 'Accept-Encoding' }
21 silly get cb [ 200,
21 silly get   { server: 'CouchDB/1.5.0 (Erlang OTP/R16B03)',
21 silly get     etag: '"6RCTBYSQZ7DY7DUMZC9YULUEV"',
21 silly get     'content-type': 'application/json',
21 silly get     'content-encoding': 'gzip',
21 silly get     'cache-control': 'max-age=300',
21 silly get     'content-length': '67930',
21 silly get     'accept-ranges': 'bytes',
21 silly get     date: 'Thu, 15 Sep 2016 13:27:42 GMT',
21 silly get     via: '1.1 varnish',
21 silly get     age: '0',
21 silly get     connection: 'keep-alive',
21 silly get     'x-served-by': 'cache-wlg7321-WLG',
21 silly get     'x-cache': 'MISS',
21 silly get     'x-cache-hits': '0',
21 silly get     'x-timer': 'S1473946061.261413,VS0,VE1412',
21 silly get     vary: 'Accept-Encoding' } ]
22 verbose get saving typescript to /home/cosc/student/plr37/.npm/registry.npmjs.org/typescript/.cache.json
23 verbose correctMkdir /home/cosc/student/plr37/.npm correctMkdir not in flight; initializing
24 silly install normalizeTree
25 silly loadCurrentTree Finishing
26 silly loadIdealTree Starting
27 silly install loadIdealTree
28 silly cloneCurrentTree Starting
29 silly install cloneCurrentTreeToIdealTree
30 silly cloneCurrentTree Finishing
31 silly loadShrinkwrap Starting
32 silly install loadShrinkwrap
33 silly loadShrinkwrap Finishing
34 silly loadAllDepsIntoIdealTree Starting
35 silly install loadAllDepsIntoIdealTree
36 silly resolveWithNewModule typescript@1.8.10 checking installable status
37 silly cache add args [ 'typescript', null ]
38 verbose cache add spec typescript
39 silly cache add parsed spec Result {
39 silly cache add   raw: 'typescript',
39 silly cache add   scope: null,
39 silly cache add   name: 'typescript',
39 silly cache add   rawSpec: '',
39 silly cache add   spec: 'latest',
39 silly cache add   type: 'tag' }
40 silly addNamed typescript@latest
41 verbose addNamed "latest" is being treated as a dist-tag for typescript
42 info addNameTag [ 'typescript', 'latest' ]
43 silly mapToRegistry name typescript
44 silly mapToRegistry using default registry
45 silly mapToRegistry registry https://registry.npmjs.org/
46 silly mapToRegistry data Result {
46 silly mapToRegistry   raw: 'typescript',
46 silly mapToRegistry   scope: null,
46 silly mapToRegistry   name: 'typescript',
46 silly mapToRegistry   rawSpec: '',
46 silly mapToRegistry   spec: 'latest',
46 silly mapToRegistry   type: 'tag' }
47 silly mapToRegistry uri https://registry.npmjs.org/typescript
48 verbose addNameTag registry:https://registry.npmjs.org/typescript not in flight; fetching
49 verbose get https://registry.npmjs.org/typescript not expired, no request
50 silly addNameTag next cb for typescript with tag latest
51 silly addNamed typescript@1.8.10
52 verbose addNamed "1.8.10" is a plain semver version for typescript
53 silly mapToRegistry name typescript
54 silly mapToRegistry using default registry
55 silly mapToRegistry registry https://registry.npmjs.org/
56 silly mapToRegistry data Result {
56 silly mapToRegistry   raw: 'typescript',
56 silly mapToRegistry   scope: null,
56 silly mapToRegistry   name: 'typescript',
56 silly mapToRegistry   rawSpec: '',
56 silly mapToRegistry   spec: 'latest',
56 silly mapToRegistry   type: 'tag' }
57 silly mapToRegistry uri https://registry.npmjs.org/typescript
58 verbose addRemoteTarball https://registry.npmjs.org/typescript/-/typescript-1.8.10.tgz not in flight; adding
59 verbose addRemoteTarball [ 'https://registry.npmjs.org/typescript/-/typescript-1.8.10.tgz',
59 verbose addRemoteTarball   'b475d6e0dff0bf50f296e5ca6ef9fbb5c7320f1e' ]
60 info retry fetch attempt 1 at 1:27:42 AM
61 info attempt registry request try #1 at 1:27:42 AM
62 http fetch GET https://registry.npmjs.org/typescript/-/typescript-1.8.10.tgz
63 http fetch 200 https://registry.npmjs.org/typescript/-/typescript-1.8.10.tgz
64 silly fetchAndShaCheck shasum b475d6e0dff0bf50f296e5ca6ef9fbb5c7320f1e
65 verbose addTmpTarball /tmp/npm-18487-1a428796/registry.npmjs.org/typescript/-/typescript-1.8.10.tgz not in flight; adding
66 verbose addTmpTarball already have metadata; skipping unpack for typescript@1.8.10
67 verbose correctMkdir /home/cosc/student/plr37/.npm correctMkdir not in flight; initializing
68 silly cache afterAdd typescript@1.8.10
69 verbose afterAdd /home/cosc/student/plr37/.npm/typescript/1.8.10/package/package.json not in flight; writing
70 verbose correctMkdir /home/cosc/student/plr37/.npm correctMkdir not in flight; initializing
71 verbose afterAdd /home/cosc/student/plr37/.npm/typescript/1.8.10/package/package.json written
72 silly loadAllDepsIntoIdealTree Finishing
73 silly idealTree:prePrune lib
73 silly idealTree:prePrune └── typescript@1.8.10
74 silly loadIdealTree Finishing
75 silly currentTree lib
76 silly idealTree lib
76 silly idealTree └── typescript@1.8.10
77 silly generateActionsToTake Starting
78 silly install generateActionsToTake
79 warn checkPermissions Missing write access to /usr/lib/node_modules
80 silly rollbackFailedOptional Starting
81 silly rollbackFailedOptional Finishing
82 silly runTopLevelLifecycles Starting
83 silly runTopLevelLifecycles Finishing
84 silly install printInstalled
85 verbose stack Error: EACCES: permission denied, access '/usr/lib/node_modules'
85 verbose stack     at Error (native)
86 verbose cwd /home/cosc/student/plr37/programming/projects/msaApp/msaApp
87 error Linux 3.19.0-32-generic
88 error argv "/usr/bin/nodejs" "/usr/bin/npm" "install" "-g" "typescript"
89 error node v6.2.0
90 error npm  v3.8.9
91 error path /usr/lib/node_modules
92 error code EACCES
93 error errno -13
94 error syscall access
95 error Error: EACCES: permission denied, access '/usr/lib/node_modules'
95 error     at Error (native)
95 error  { Error: EACCES: permission denied, access '/usr/lib/node_modules'
95 error     at Error (native)
95 error   errno: -13,
95 error   code: 'EACCES',
95 error   syscall: 'access',
95 error   path: '/usr/lib/node_modules' }
96 error Please try running this command again as root/Administrator.
97 verbose exit [ -13, true ]
